Started GET "/" for 127.0.0.1 at 2022-11-21 16:08:18 +0300
  
ActiveRecord::ConnectionNotEstablished (connection to server on socket "/var/run/postgresql/.s.PGSQL.5432" failed: FATAL:  role "vitae" does not exist
):
  
activerecord (7.0.4) lib/active_record/connection_adapters/postgresql_adapter.rb:87:in `rescue in new_client'
activerecord (7.0.4) lib/active_record/connection_adapters/postgresql_adapter.rb:77:in `new_client'
activerecord (7.0.4) lib/active_record/connection_adapters/postgresql_adapter.rb:37:in `postgresql_connection'
activerecord (7.0.4) lib/active_record/connection_adapters/abstract/connection_pool.rb:656:in `public_send'
activerecord (7.0.4) lib/active_record/connection_adapters/abstract/connection_pool.rb:656:in `new_connection'
activerecord (7.0.4) lib/active_record/connection_adapters/abstract/connection_pool.rb:700:in `checkout_new_connection'
activerecord (7.0.4) lib/active_record/connection_adapters/abstract/connection_pool.rb:679:in `try_to_checkout_new_connection'
activerecord (7.0.4) lib/active_record/connection_adapters/abstract/connection_pool.rb:640:in `acquire_connection'
activerecord (7.0.4) lib/active_record/connection_adapters/abstract/connection_pool.rb:341:in `checkout'
activerecord (7.0.4) lib/active_record/connection_adapters/abstract/connection_pool.rb:181:in `connection'
activerecord (7.0.4) lib/active_record/connection_adapters/abstract/connection_handler.rb:211:in `retrieve_connection'
activerecord (7.0.4) lib/active_record/connection_handling.rb:313:in `retrieve_connection'
activerecord (7.0.4) lib/active_record/connection_handling.rb:280:in `connection'
activerecord (7.0.4) lib/active_record/migration.rb:613:in `connection'
activerecord (7.0.4) lib/active_record/migration.rb:608:in `build_watcher'
activerecord (7.0.4) lib/active_record/migration.rb:590:in `block in call'
activerecord (7.0.4) lib/active_record/migration.rb:589:in `synchronize'
activerecord (7.0.4) lib/active_record/migration.rb:589:in `call'
actionpack (7.0.4) lib/action_dispatch/middleware/callbacks.rb:27:in `block in call'
activesupport (7.0.4) lib/active_support/callbacks.rb:99:in `run_callbacks'
actionpack (7.0.4) lib/action_dispatch/middleware/callbacks.rb:26:in `call'
actionpack (7.0.4) lib/action_dispatch/middleware/executor.rb:14:in `call'
actionpack (7.0.4) lib/action_dispatch/middleware/actionable_exceptions.rb:17:in `call'
actionpack (7.0.4) lib/action_dispatch/middleware/debug_exceptions.rb:28:in `call'
web-console (4.2.0) lib/web_console/middleware.rb:132:in `call_app'
web-console (4.2.0) lib/web_console/middleware.rb:28:in `block in call'
web-console (4.2.0) lib/web_console/middleware.rb:17:in `catch'
web-console (4.2.0) lib/web_console/middleware.rb:17:in `call'
actionpack (7.0.4) lib/action_dispatch/middleware/show_exceptions.rb:26:in `call'
railties (7.0.4) lib/rails/rack/logger.rb:40:in `call_app'
railties (7.0.4) lib/rails/rack/logger.rb:25:in `block in call'
activesupport (7.0.4) lib/active_support/tagged_logging.rb:99:in `block in tagged'
activesupport (7.0.4) lib/active_support/tagged_logging.rb:37:in `tagged'
activesupport (7.0.4) lib/active_support/tagged_logging.rb:99:in `tagged'
railties (7.0.4) lib/rails/rack/logger.rb:25:in `call'
sprockets-rails (3.4.2) lib/sprockets/rails/quiet_assets.rb:13:in `call'
actionpack (7.0.4) lib/action_dispatch/middleware/remote_ip.rb:93:in `call'
actionpack (7.0.4) lib/action_dispatch/middleware/request_id.rb:26:in `call'
rack (2.2.4) lib/rack/method_override.rb:24:in `call'
rack (2.2.4) lib/rack/runtime.rb:22:in `call'
activesupport (7.0.4) lib/active_support/cache/strategy/local_cache_middleware.rb:29:in `call'
actionpack (7.0.4) lib/action_dispatch/middleware/server_timing.rb:61:in `block in call'
actionpack (7.0.4) lib/action_dispatch/middleware/server_timing.rb:26:in `collect_events'
actionpack (7.0.4) lib/action_dispatch/middleware/server_timing.rb:60:in `call'
actionpack (7.0.4) lib/action_dispatch/middleware/executor.rb:14:in `call'
actionpack (7.0.4) lib/action_dispatch/middleware/static.rb:23:in `call'
rack (2.2.4) lib/rack/sendfile.rb:110:in `call'
actionpack (7.0.4) lib/action_dispatch/middleware/host_authorization.rb:137:in `call'
railties (7.0.4) lib/rails/engine.rb:530:in `call'
puma (5.6.5) lib/puma/configuration.rb:252:in `call'
puma (5.6.5) lib/puma/request.rb:77:in `block in handle_request'
puma (5.6.5) lib/puma/thread_pool.rb:340:in `with_force_shutdown'
puma (5.6.5) lib/puma/request.rb:76:in `handle_request'
puma (5.6.5) lib/puma/server.rb:443:in `process_client'
puma (5.6.5) lib/puma/thread_pool.rb:147:in `block in spawn_thread'
Started GET "/" for 127.0.0.1 at 2022-11-21 16:10:37 +0300
Processing by Rails::WelcomeController#index as HTML
  Rendering /var/lib/gems/3.0.0/gems/railties-7.0.4/lib/rails/templates/rails/welcome/index.html.erb
  Rendered /var/lib/gems/3.0.0/gems/railties-7.0.4/lib/rails/templates/rails/welcome/index.html.erb (Duration: 0.8ms | Allocations: 727)
Completed 200 OK in 7ms (Views: 2.4ms | ActiveRecord: 0.0ms | Allocations: 6911)


Started GET "/login" for 127.0.0.1 at 2022-11-21 16:10:42 +0300
  
ActionController::RoutingError (No route matches [GET] "/login"):
  
Started GET "/register" for 127.0.0.1 at 2022-11-21 16:10:48 +0300
  
ActionController::RoutingError (No route matches [GET] "/register"):
  
  [1m[35m (10.6ms)[0m  [1m[35mCREATE TABLE "schema_migrations" ("version" character varying NOT NULL PRIMARY KEY)[0m
  [1m[35m (5.5ms)[0m  [1m[35mCREATE TABLE "ar_internal_metadata" ("key" character varying NOT NULL PRIMARY KEY, "value" character varying, "created_at" timestamp(6) NOT NULL, "updated_at" timestamp(6) NOT NULL)[0m
  [1m[35m (0.2ms)[0m  [1m[34mSELECT pg_try_advisory_lock(1352609692405194300)[0m
  [1m[36mActiveRecord::SchemaMigration Pluck (0.3ms)[0m  [1m[34mSELECT "schema_migrations"."version" FROM "schema_migrations" ORDER BY "schema_migrations"."version" ASC[0m
Migrating to CreateUsers (20221121134258)
  [1m[36mTRANSACTION (0.2ms)[0m  [1m[35mBEGIN[0m
  [1m[35m (5.3ms)[0m  [1m[35mCREATE TABLE "users" ("id" bigserial primary key, "email" character varying, "username" character varying, "password" character varying, "created_at" timestamp(6) NOT NULL, "updated_at" timestamp(6) NOT NULL)[0m
  [1m[36mActiveRecord::SchemaMigration Create (0.3ms)[0m  [1m[32mINSERT INTO "schema_migrations" ("version") VALUES ($1) RETURNING "version"[0m  [["version", "20221121134258"]]
  [1m[36mTRANSACTION (1.1ms)[0m  [1m[35mCOMMIT[0m
Migrating to CreateTimeRecords (20221121134451)
  [1m[36mTRANSACTION (0.2ms)[0m  [1m[35mBEGIN[0m
  [1m[35m (5.1ms)[0m  [1m[35mCREATE TABLE "time_records" ("id" bigserial primary key, "comment" text, "time_type" character varying, "start_date" date, "end_date" date, "created_at" timestamp(6) NOT NULL, "updated_at" timestamp(6) NOT NULL)[0m
  [1m[36mActiveRecord::SchemaMigration Create (0.2ms)[0m  [1m[32mINSERT INTO "schema_migrations" ("version") VALUES ($1) RETURNING "version"[0m  [["version", "20221121134451"]]
  [1m[36mTRANSACTION (1.0ms)[0m  [1m[35mCOMMIT[0m
  [1m[36mActiveRecord::InternalMetadata Load (0.3ms)[0m  [1m[34mSELECT "ar_internal_metadata".* FROM "ar_internal_metadata" WHERE "ar_internal_metadata"."key" = $1 LIMIT $2[0m  [["key", "environment"], ["LIMIT", 1]]
  [1m[36mTRANSACTION (0.1ms)[0m  [1m[35mBEGIN[0m
  [1m[36mActiveRecord::InternalMetadata Create (0.5ms)[0m  [1m[32mINSERT INTO "ar_internal_metadata" ("key", "value", "created_at", "updated_at") VALUES ($1, $2, $3, $4) RETURNING "key"[0m  [["key", "environment"], ["value", "development"], ["created_at", "2022-11-21 13:46:30.735887"], ["updated_at", "2022-11-21 13:46:30.735887"]]
  [1m[36mTRANSACTION (1.0ms)[0m  [1m[35mCOMMIT[0m
  [1m[35m (0.2ms)[0m  [1m[34mSELECT pg_advisory_unlock(1352609692405194300)[0m
  [1m[36mActiveRecord::SchemaMigration Pluck (0.3ms)[0m  [1m[34mSELECT "schema_migrations"."version" FROM "schema_migrations" ORDER BY "schema_migrations"."version" ASC[0m
  [1m[35m (0.2ms)[0m  [1m[34mSELECT pg_try_advisory_lock(1352609692405194300)[0m
  [1m[36mActiveRecord::SchemaMigration Pluck (0.5ms)[0m  [1m[34mSELECT "schema_migrations"."version" FROM "schema_migrations" ORDER BY "schema_migrations"."version" ASC[0m
Migrating to AddIsAdminToUser (20221121134824)
  [1m[36mTRANSACTION (0.1ms)[0m  [1m[35mBEGIN[0m
  [1m[36mActiveRecord::SchemaMigration Create (0.2ms)[0m  [1m[32mINSERT INTO "schema_migrations" ("version") VALUES ($1) RETURNING "version"[0m  [["version", "20221121134824"]]
  [1m[36mTRANSACTION (2.7ms)[0m  [1m[35mCOMMIT[0m
  [1m[36mActiveRecord::InternalMetadata Load (0.2ms)[0m  [1m[34mSELECT "ar_internal_metadata".* FROM "ar_internal_metadata" WHERE "ar_internal_metadata"."key" = $1 LIMIT $2[0m  [["key", "environment"], ["LIMIT", 1]]
  [1m[35m (0.1ms)[0m  [1m[34mSELECT pg_advisory_unlock(1352609692405194300)[0m
  [1m[36mActiveRecord::SchemaMigration Pluck (0.4ms)[0m  [1m[34mSELECT "schema_migrations"."version" FROM "schema_migrations" ORDER BY "schema_migrations"."version" ASC[0m
Started GET "/" for 127.0.0.1 at 2022-11-21 17:02:45 +0300
  [1m[36mActiveRecord::SchemaMigration Pluck (0.3ms)[0m  [1m[34mSELECT "schema_migrations"."version" FROM "schema_migrations" ORDER BY "schema_migrations"."version" ASC[0m
  [1m[36mCACHE ActiveRecord::SchemaMigration Pluck (0.0ms)[0m  [1m[34mSELECT "schema_migrations"."version" FROM "schema_migrations" ORDER BY "schema_migrations"."version" ASC[0m
  
ActiveRecord::PendingMigrationError (

Migrations are pending. To resolve this issue, run:

        bin/rails db:migrate RAILS_ENV=development

You have 1 pending migration:

20221121135709_create_currents.rb


):
  
activerecord (7.0.4) lib/active_record/migration.rb:627:in `check_pending!'
activerecord (7.0.4) lib/active_record/migration.rb:592:in `block (2 levels) in call'
activesupport (7.0.4) lib/active_support/file_update_checker.rb:83:in `execute'
activerecord (7.0.4) lib/active_record/migration.rb:597:in `block in call'
activerecord (7.0.4) lib/active_record/migration.rb:589:in `synchronize'
activerecord (7.0.4) lib/active_record/migration.rb:589:in `call'
actionpack (7.0.4) lib/action_dispatch/middleware/callbacks.rb:27:in `block in call'
activesupport (7.0.4) lib/active_support/callbacks.rb:99:in `run_callbacks'
actionpack (7.0.4) lib/action_dispatch/middleware/callbacks.rb:26:in `call'
actionpack (7.0.4) lib/action_dispatch/middleware/executor.rb:14:in `call'
actionpack (7.0.4) lib/action_dispatch/middleware/actionable_exceptions.rb:17:in `call'
actionpack (7.0.4) lib/action_dispatch/middleware/debug_exceptions.rb:28:in `call'
web-console (4.2.0) lib/web_console/middleware.rb:132:in `call_app'
web-console (4.2.0) lib/web_console/middleware.rb:28:in `block in call'
web-console (4.2.0) lib/web_console/middleware.rb:17:in `catch'
web-console (4.2.0) lib/web_console/middleware.rb:17:in `call'
actionpack (7.0.4) lib/action_dispatch/middleware/show_exceptions.rb:26:in `call'
railties (7.0.4) lib/rails/rack/logger.rb:40:in `call_app'
railties (7.0.4) lib/rails/rack/logger.rb:25:in `block in call'
activesupport (7.0.4) lib/active_support/tagged_logging.rb:99:in `block in tagged'
activesupport (7.0.4) lib/active_support/tagged_logging.rb:37:in `tagged'
activesupport (7.0.4) lib/active_support/tagged_logging.rb:99:in `tagged'
railties (7.0.4) lib/rails/rack/logger.rb:25:in `call'
sprockets-rails (3.4.2) lib/sprockets/rails/quiet_assets.rb:13:in `call'
actionpack (7.0.4) lib/action_dispatch/middleware/remote_ip.rb:93:in `call'
actionpack (7.0.4) lib/action_dispatch/middleware/request_id.rb:26:in `call'
rack (2.2.4) lib/rack/method_override.rb:24:in `call'
rack (2.2.4) lib/rack/runtime.rb:22:in `call'
activesupport (7.0.4) lib/active_support/cache/strategy/local_cache_middleware.rb:29:in `call'
actionpack (7.0.4) lib/action_dispatch/middleware/server_timing.rb:61:in `block in call'
actionpack (7.0.4) lib/action_dispatch/middleware/server_timing.rb:26:in `collect_events'
actionpack (7.0.4) lib/action_dispatch/middleware/server_timing.rb:60:in `call'
actionpack (7.0.4) lib/action_dispatch/middleware/executor.rb:14:in `call'
actionpack (7.0.4) lib/action_dispatch/middleware/static.rb:23:in `call'
rack (2.2.4) lib/rack/sendfile.rb:110:in `call'
actionpack (7.0.4) lib/action_dispatch/middleware/host_authorization.rb:137:in `call'
railties (7.0.4) lib/rails/engine.rb:530:in `call'
puma (5.6.5) lib/puma/configuration.rb:252:in `call'
puma (5.6.5) lib/puma/request.rb:77:in `block in handle_request'
puma (5.6.5) lib/puma/thread_pool.rb:340:in `with_force_shutdown'
puma (5.6.5) lib/puma/request.rb:76:in `handle_request'
puma (5.6.5) lib/puma/server.rb:443:in `process_client'
puma (5.6.5) lib/puma/thread_pool.rb:147:in `block in spawn_thread'
  [1m[35m (0.2ms)[0m  [1m[34mSELECT pg_try_advisory_lock(1352609692405194300)[0m
  [1m[36mActiveRecord::SchemaMigration Pluck (0.4ms)[0m  [1m[34mSELECT "schema_migrations"."version" FROM "schema_migrations" ORDER BY "schema_migrations"."version" ASC[0m
Migrating to CreateCurrents (20221121135709)
  [1m[36mTRANSACTION (0.2ms)[0m  [1m[35mBEGIN[0m
  [1m[35m (5.6ms)[0m  [1m[35mCREATE TABLE "currents" ("id" bigserial primary key, "created_at" timestamp(6) NOT NULL, "updated_at" timestamp(6) NOT NULL)[0m
  [1m[36mActiveRecord::SchemaMigration Create (0.2ms)[0m  [1m[32mINSERT INTO "schema_migrations" ("version") VALUES ($1) RETURNING "version"[0m  [["version", "20221121135709"]]
  [1m[36mTRANSACTION (1.1ms)[0m  [1m[35mCOMMIT[0m
  [1m[36mActiveRecord::InternalMetadata Load (0.2ms)[0m  [1m[34mSELECT "ar_internal_metadata".* FROM "ar_internal_metadata" WHERE "ar_internal_metadata"."key" = $1 LIMIT $2[0m  [["key", "environment"], ["LIMIT", 1]]
  [1m[35m (0.1ms)[0m  [1m[34mSELECT pg_advisory_unlock(1352609692405194300)[0m
  [1m[36mActiveRecord::SchemaMigration Pluck (0.3ms)[0m  [1m[34mSELECT "schema_migrations"."version" FROM "schema_migrations" ORDER BY "schema_migrations"."version" ASC[0m
Started GET "/" for 127.0.0.1 at 2022-11-21 17:03:05 +0300
  [1m[36mActiveRecord::SchemaMigration Pluck (0.3ms)[0m  [1m[34mSELECT "schema_migrations"."version" FROM "schema_migrations" ORDER BY "schema_migrations"."version" ASC[0m
Processing by Rails::WelcomeController#index as HTML
  Rendering /var/lib/gems/3.0.0/gems/railties-7.0.4/lib/rails/templates/rails/welcome/index.html.erb
  Rendered /var/lib/gems/3.0.0/gems/railties-7.0.4/lib/rails/templates/rails/welcome/index.html.erb (Duration: 0.7ms | Allocations: 727)
Completed 200 OK in 5ms (Views: 2.0ms | ActiveRecord: 0.0ms | Allocations: 6525)


Started GET "/sign_up" for 127.0.0.1 at 2022-11-21 17:03:09 +0300
  
ActionController::RoutingError (uninitialized constant UsersController
Did you mean?  UserController):
  
Started GET "/sign_up" for 127.0.0.1 at 2022-11-21 17:03:19 +0300
  
ActionController::RoutingError (uninitialized constant UsersController
Did you mean?  UserController):
  
Started GET "/sign_up" for 127.0.0.1 at 2022-11-21 17:03:58 +0300
  
ActionController::RoutingError (uninitialized constant UsersController
Did you mean?  UserController):
  
Started GET "/sign_up" for 127.0.0.1 at 2022-11-21 17:03:59 +0300
  
ActionController::RoutingError (uninitialized constant UsersController
Did you mean?  UserController):
  
Started GET "/sign_up" for 127.0.0.1 at 2022-11-21 17:04:16 +0300
  [1m[36mActiveRecord::SchemaMigration Pluck (0.4ms)[0m  [1m[34mSELECT "schema_migrations"."version" FROM "schema_migrations" ORDER BY "schema_migrations"."version" ASC[0m
  
SyntaxError (/home/vitae/Desktop/Sprojects/OtherProjects/time_management/app/controllers/user_controller.rb:22: syntax error, unexpected end-of-input, expecting `end'):
  
app/controllers/user_controller.rb:22: syntax error, unexpected end-of-input, expecting `end'
app/controllers/user_controller.rb:22: syntax error, unexpected end-of-input, expecting `end'
app/controllers/user_controller.rb:22: syntax error, unexpected end-of-input, expecting `end'
Started GET "/sign_up" for 127.0.0.1 at 2022-11-21 17:04:17 +0300
  
SyntaxError (/home/vitae/Desktop/Sprojects/OtherProjects/time_management/app/controllers/user_controller.rb:22: syntax error, unexpected end-of-input, expecting `end'):
  
app/controllers/user_controller.rb:22: syntax error, unexpected end-of-input, expecting `end'
app/controllers/user_controller.rb:22: syntax error, unexpected end-of-input, expecting `end'
app/controllers/user_controller.rb:22: syntax error, unexpected end-of-input, expecting `end'
Started GET "/sign_up" for 127.0.0.1 at 2022-11-21 17:04:38 +0300
Processing by UserController#new as HTML
  Rendering layout layouts/application.html.erb
  Rendering user/new.html.erb within layouts/application
  Rendered shared/_form_errors.html.erb (Duration: 0.3ms | Allocations: 197)
  Rendered user/new.html.erb within layouts/application (Duration: 10.7ms | Allocations: 6249)
  Rendered layout layouts/application.html.erb (Duration: 239.6ms | Allocations: 102849)
Completed 200 OK in 260ms (Views: 240.7ms | ActiveRecord: 2.4ms | Allocations: 127117)


Started POST "/sign_up" for 127.0.0.1 at 2022-11-21 17:04:48 +0300
Processing by UserController#create as TURBO_STREAM
  Parameters: {"authenticity_token"=>"[FILTERED]", "user"=>{"email"=>"can@gmail.com", "username"=>"cann", "password"=>"[FILTERED]"}, "commit"=>"Sign Up"}
  [1m[36mTRANSACTION (0.1ms)[0m  [1m[35mBEGIN[0m
  ↳ app/controllers/user_controller.rb:7:in `create'
  [1m[36mUser Exists? (0.4ms)[0m  [1m[34mSELECT 1 AS one FROM "users" WHERE "users"."email" = $1 LIMIT $2[0m  [["email", "can@gmail.com"], ["LIMIT", 1]]
  ↳ app/controllers/user_controller.rb:7:in `create'
  [1m[36mUser Create (0.5ms)[0m  [1m[32mINSERT INTO "users" ("email", "username", "password", "created_at", "updated_at") VALUES ($1, $2, $3, $4, $5) RETURNING "id"[0m  [["email", "can@gmail.com"], ["username", "cann"], ["password", "[FILTERED]"], ["created_at", "2022-11-21 14:04:48.937777"], ["updated_at", "2022-11-21 14:04:48.937777"]]
  ↳ app/controllers/user_controller.rb:7:in `create'
  [1m[36mTRANSACTION (0.9ms)[0m  [1m[35mCOMMIT[0m
  ↳ app/controllers/user_controller.rb:7:in `create'
Redirected to http://127.0.0.1:3000/login
Completed 302 Found in 9ms (ActiveRecord: 1.9ms | Allocations: 6493)


Started GET "/login" for 127.0.0.1 at 2022-11-21 17:04:48 +0300
Processing by SessionsController#new as TURBO_STREAM
  Rendering layout layouts/application.html.erb
  Rendering sessions/new.html.erb within layouts/application
  Rendered sessions/new.html.erb within layouts/application (Duration: 1.0ms | Allocations: 919)
  Rendered layout layouts/application.html.erb (Duration: 3.0ms | Allocations: 3282)
Completed 200 OK in 5ms (Views: 3.8ms | ActiveRecord: 0.0ms | Allocations: 4705)


Started POST "/login" for 127.0.0.1 at 2022-11-21 17:04:55 +0300
Processing by SessionsController#create as TURBO_STREAM
  Parameters: {"authenticity_token"=>"[FILTERED]", "user"=>{"email"=>"can@gmail.com", "password"=>"[FILTERED]"}, "commit"=>"Sign In"}
  [1m[36mUser Load (0.2ms)[0m  [1m[34mSELECT "users".* FROM "users" WHERE "users"."email" = $1 LIMIT $2[0m  [["email", "can@gmail.com"], ["LIMIT", 1]]
  ↳ app/controllers/sessions_controller.rb:5:in `create'
Completed 500 Internal Server Error in 7ms (ActiveRecord: 0.3ms | Allocations: 3963)


  
NoMethodError (undefined method `authenticate' for #<User id: 1, email: "can@gmail.com", username: "cann", password: [FILTERED], created_at: "2022-11-21 14:04:48.937777000 +0000", updated_at: "2022-11-21 14:04:48.937777000 +0000">):
  
app/controllers/sessions_controller.rb:6:in `create'
Started GET "/login" for 127.0.0.1 at 2022-11-21 17:08:17 +0300
Processing by SessionsController#new as HTML
  Rendering layout layouts/application.html.erb
  Rendering sessions/new.html.erb within layouts/application
  Rendered sessions/new.html.erb within layouts/application (Duration: 0.7ms | Allocations: 671)
  Rendered layout layouts/application.html.erb (Duration: 8.2ms | Allocations: 14579)
Completed 200 OK in 10ms (Views: 8.9ms | ActiveRecord: 0.0ms | Allocations: 15983)


Started POST "/login" for 127.0.0.1 at 2022-11-21 17:08:21 +0300
Processing by SessionsController#create as TURBO_STREAM
  Parameters: {"authenticity_token"=>"[FILTERED]", "user"=>{"email"=>"can@gmail.com", "password"=>"[FILTERED]"}, "commit"=>"Sign In"}
  [1m[36mUser Load (0.2ms)[0m  [1m[34mSELECT "users".* FROM "users" WHERE "users"."email" = $1 LIMIT $2[0m  [["email", "can@gmail.com"], ["LIMIT", 1]]
  ↳ app/controllers/sessions_controller.rb:5:in `create'
Completed 500 Internal Server Error in 17ms (ActiveRecord: 2.4ms | Allocations: 7293)


  
NoMethodError (undefined method `password_digest' for #<User id: 1, email: "can@gmail.com", username: "cann", password: [FILTERED], created_at: "2022-11-21 14:04:48.937777000 +0000", updated_at: "2022-11-21 14:04:48.937777000 +0000">
Did you mean?  password):
  
app/controllers/sessions_controller.rb:6:in `create'
Started GET "/login" for 127.0.0.1 at 2022-11-21 17:08:38 +0300
Processing by SessionsController#new as HTML
  Rendering layout layouts/application.html.erb
  Rendering sessions/new.html.erb within layouts/application
  Rendered sessions/new.html.erb within layouts/application (Duration: 0.7ms | Allocations: 671)
  Rendered layout layouts/application.html.erb (Duration: 8.2ms | Allocations: 14581)
Completed 200 OK in 10ms (Views: 9.0ms | ActiveRecord: 0.0ms | Allocations: 15997)


Started POST "/login" for 127.0.0.1 at 2022-11-21 17:08:42 +0300
Processing by SessionsController#create as TURBO_STREAM
  Parameters: {"authenticity_token"=>"[FILTERED]", "user"=>{"email"=>"can@gmail.com", "password"=>"[FILTERED]"}, "commit"=>"Sign In"}
  [1m[36mUser Load (0.2ms)[0m  [1m[34mSELECT "users".* FROM "users" WHERE "users"."email" = $1 LIMIT $2[0m  [["email", "can@gmail.com"], ["LIMIT", 1]]
  ↳ app/controllers/sessions_controller.rb:5:in `create'
Completed 500 Internal Server Error in 19ms (ActiveRecord: 1.9ms | Allocations: 7072)


  
NoMethodError (undefined method `password_digest' for #<User id: 1, email: "can@gmail.com", username: "cann", password: [FILTERED], created_at: "2022-11-21 14:04:48.937777000 +0000", updated_at: "2022-11-21 14:04:48.937777000 +0000">
Did you mean?  password):
  
app/controllers/sessions_controller.rb:6:in `create'
Started GET "/login" for 127.0.0.1 at 2022-11-21 17:09:40 +0300
Processing by SessionsController#new as HTML
  Rendering layout layouts/application.html.erb
  Rendering sessions/new.html.erb within layouts/application
  Rendered sessions/new.html.erb within layouts/application (Duration: 1.1ms | Allocations: 671)
  Rendered layout layouts/application.html.erb (Duration: 15.7ms | Allocations: 14604)
Completed 200 OK in 18ms (Views: 16.7ms | ActiveRecord: 0.0ms | Allocations: 16021)


Started GET "/login" for 127.0.0.1 at 2022-11-21 17:15:29 +0300
  [1m[36mActiveRecord::SchemaMigration Pluck (0.3ms)[0m  [1m[34mSELECT "schema_migrations"."version" FROM "schema_migrations" ORDER BY "schema_migrations"."version" ASC[0m
Processing by SessionsController#new as HTML
  Rendering layout layouts/application.html.erb
  Rendering sessions/new.html.erb within layouts/application
  Rendered sessions/new.html.erb within layouts/application (Duration: 3.7ms | Allocations: 3529)
  Rendered layout layouts/application.html.erb (Duration: 45.3ms | Allocations: 38475)
Completed 200 OK in 54ms (Views: 47.0ms | ActiveRecord: 0.0ms | Allocations: 45880)


Started POST "/login" for 127.0.0.1 at 2022-11-21 17:15:41 +0300
Processing by SessionsController#create as TURBO_STREAM
  Parameters: {"authenticity_token"=>"[FILTERED]", "user"=>{"email"=>"can@gmail.com", "password"=>"[FILTERED]"}, "commit"=>"Sign In"}
  [1m[36mUser Load (0.4ms)[0m  [1m[34mSELECT "users".* FROM "users" WHERE "users"."email" = $1 LIMIT $2[0m  [["email", "can@gmail.com"], ["LIMIT", 1]]
  ↳ app/controllers/sessions_controller.rb:5:in `create'
Completed 500 Internal Server Error in 28ms (ActiveRecord: 3.5ms | Allocations: 22089)


  
NoMethodError (undefined method `authenticate' for #<User id: 1, email: "can@gmail.com", username: "cann", password: [FILTERED], created_at: "2022-11-21 14:04:48.937777000 +0000", updated_at: "2022-11-21 14:04:48.937777000 +0000">):
  
app/controllers/sessions_controller.rb:6:in `create'
Started GET "/login" for 127.0.0.1 at 2022-11-21 17:19:22 +0300
Processing by SessionsController#new as HTML
  Rendering layout layouts/application.html.erb
  Rendering sessions/new.html.erb within layouts/application
  Rendered sessions/new.html.erb within layouts/application (Duration: 0.8ms | Allocations: 671)
  Rendered layout layouts/application.html.erb (Duration: 12.4ms | Allocations: 14586)
Completed 200 OK in 14ms (Views: 13.1ms | ActiveRecord: 0.0ms | Allocations: 15987)


Started POST "/login" for 127.0.0.1 at 2022-11-21 17:19:26 +0300
Processing by SessionsController#create as TURBO_STREAM
  Parameters: {"authenticity_token"=>"[FILTERED]", "user"=>{"email"=>"can@gmail.com", "password"=>"[FILTERED]"}, "commit"=>"Sign In"}
  [1m[36mUser Load (0.2ms)[0m  [1m[34mSELECT "users".* FROM "users" WHERE "users"."email" = $1 LIMIT $2[0m  [["email", "can@gmail.com"], ["LIMIT", 1]]
  ↳ app/controllers/sessions_controller.rb:5:in `create'
Completed 500 Internal Server Error in 19ms (ActiveRecord: 2.3ms | Allocations: 7268)


  
NoMethodError (undefined method `password_digest' for #<User id: 1, email: "can@gmail.com", username: "cann", password: [FILTERED], created_at: "2022-11-21 14:04:48.937777000 +0000", updated_at: "2022-11-21 14:04:48.937777000 +0000">
Did you mean?  password):
  
app/controllers/sessions_controller.rb:6:in `create'
Started GET "/login" for 127.0.0.1 at 2022-11-21 17:20:34 +0300
  [1m[36mActiveRecord::SchemaMigration Pluck (0.4ms)[0m  [1m[34mSELECT "schema_migrations"."version" FROM "schema_migrations" ORDER BY "schema_migrations"."version" ASC[0m
Processing by SessionsController#new as HTML
  Rendering layout layouts/application.html.erb
  Rendering sessions/new.html.erb within layouts/application
  Rendered sessions/new.html.erb within layouts/application (Duration: 3.9ms | Allocations: 3529)
  Rendered layout layouts/application.html.erb (Duration: 44.7ms | Allocations: 38499)
Completed 200 OK in 55ms (Views: 46.6ms | ActiveRecord: 0.0ms | Allocations: 45894)


Started POST "/login" for 127.0.0.1 at 2022-11-21 17:20:37 +0300
Processing by SessionsController#create as TURBO_STREAM
  Parameters: {"authenticity_token"=>"[FILTERED]", "user"=>{"email"=>"can@gmail.com", "password"=>"[FILTERED]"}, "commit"=>"Sign In"}
  [1m[36mUser Load (0.3ms)[0m  [1m[34mSELECT "users".* FROM "users" WHERE "users"."email" = $1 LIMIT $2[0m  [["email", "can@gmail.com"], ["LIMIT", 1]]
  ↳ app/controllers/sessions_controller.rb:5:in `create'
Completed 500 Internal Server Error in 31ms (ActiveRecord: 4.2ms | Allocations: 22735)


  
NoMethodError (undefined method `password_digest' for #<User id: 1, email: "can@gmail.com", username: "cann", password: [FILTERED], created_at: "2022-11-21 14:04:48.937777000 +0000", updated_at: "2022-11-21 14:04:48.937777000 +0000">
Did you mean?  password):
  
app/controllers/sessions_controller.rb:6:in `create'
Started GET "/login" for 127.0.0.1 at 2022-11-21 17:22:37 +0300
  [1m[36mActiveRecord::SchemaMigration Pluck (0.3ms)[0m  [1m[34mSELECT "schema_migrations"."version" FROM "schema_migrations" ORDER BY "schema_migrations"."version" ASC[0m
Processing by SessionsController#new as HTML
  Rendering layout layouts/application.html.erb
  Rendering sessions/new.html.erb within layouts/application
  Rendered sessions/new.html.erb within layouts/application (Duration: 3.7ms | Allocations: 3529)
  Rendered layout layouts/application.html.erb (Duration: 45.8ms | Allocations: 38509)
Completed 200 OK in 55ms (Views: 47.5ms | ActiveRecord: 0.0ms | Allocations: 45902)


Started POST "/login" for 127.0.0.1 at 2022-11-21 17:22:41 +0300
Processing by SessionsController#create as TURBO_STREAM
  Parameters: {"authenticity_token"=>"[FILTERED]", "user"=>{"email"=>"can@gmail.com", "password"=>"[FILTERED]"}, "commit"=>"Sign In"}
  [1m[36mUser Load (0.3ms)[0m  [1m[34mSELECT "users".* FROM "users" WHERE "users"."email" = $1 LIMIT $2[0m  [["email", "can@gmail.com"], ["LIMIT", 1]]
  ↳ app/controllers/sessions_controller.rb:5:in `create'
Completed 500 Internal Server Error in 27ms (ActiveRecord: 4.3ms | Allocations: 22751)


  
NoMethodError (undefined method `password_digest' for #<User id: 1, email: "can@gmail.com", username: "cann", password: [FILTERED], created_at: "2022-11-21 14:04:48.937777000 +0000", updated_at: "2022-11-21 14:04:48.937777000 +0000">
Did you mean?  password):
  
app/controllers/sessions_controller.rb:6:in `create'
  [1m[35m (0.2ms)[0m  [1m[34mSELECT pg_try_advisory_lock(1352609692405194300)[0m
  [1m[36mActiveRecord::SchemaMigration Pluck (0.3ms)[0m  [1m[34mSELECT "schema_migrations"."version" FROM "schema_migrations" ORDER BY "schema_migrations"."version" ASC[0m
Migrating to AddPasswordDigestToUser (20221121142412)
  [1m[36mTRANSACTION (0.1ms)[0m  [1m[35mBEGIN[0m
  [1m[36mActiveRecord::SchemaMigration Create (0.2ms)[0m  [1m[32mINSERT INTO "schema_migrations" ("version") VALUES ($1) RETURNING "version"[0m  [["version", "20221121142412"]]
  [1m[36mTRANSACTION (1.0ms)[0m  [1m[35mCOMMIT[0m
  [1m[36mActiveRecord::InternalMetadata Load (0.2ms)[0m  [1m[34mSELECT "ar_internal_metadata".* FROM "ar_internal_metadata" WHERE "ar_internal_metadata"."key" = $1 LIMIT $2[0m  [["key", "environment"], ["LIMIT", 1]]
  [1m[35m (0.2ms)[0m  [1m[34mSELECT pg_advisory_unlock(1352609692405194300)[0m
  [1m[36mActiveRecord::SchemaMigration Pluck (0.3ms)[0m  [1m[34mSELECT "schema_migrations"."version" FROM "schema_migrations" ORDER BY "schema_migrations"."version" ASC[0m
Started GET "/login" for 127.0.0.1 at 2022-11-21 17:24:22 +0300
  [1m[36mActiveRecord::SchemaMigration Pluck (0.4ms)[0m  [1m[34mSELECT "schema_migrations"."version" FROM "schema_migrations" ORDER BY "schema_migrations"."version" ASC[0m
Processing by SessionsController#new as HTML
  Rendering layout layouts/application.html.erb
  Rendering sessions/new.html.erb within layouts/application
  Rendered sessions/new.html.erb within layouts/application (Duration: 4.3ms | Allocations: 3529)
  Rendered layout layouts/application.html.erb (Duration: 46.5ms | Allocations: 38080)
Completed 200 OK in 59ms (Views: 49.8ms | ActiveRecord: 0.0ms | Allocations: 45489)


Started POST "/login" for 127.0.0.1 at 2022-11-21 17:24:25 +0300
Processing by SessionsController#create as TURBO_STREAM
  Parameters: {"authenticity_token"=>"[FILTERED]", "user"=>{"email"=>"can@gmail.com", "password"=>"[FILTERED]"}, "commit"=>"Sign In"}
  [1m[36mUser Load (0.4ms)[0m  [1m[34mSELECT "users".* FROM "users" WHERE "users"."email" = $1 LIMIT $2[0m  [["email", "can@gmail.com"], ["LIMIT", 1]]
  ↳ app/controllers/sessions_controller.rb:5:in `create'
Completed 500 Internal Server Error in 28ms (ActiveRecord: 3.8ms | Allocations: 22739)


  
NoMethodError (undefined method `password_digest' for #<User id: 1, email: "can@gmail.com", username: "cann", password: [FILTERED], created_at: "2022-11-21 14:04:48.937777000 +0000", updated_at: "2022-11-21 14:04:48.937777000 +0000">
Did you mean?  password):
  
app/controllers/sessions_controller.rb:6:in `create'
  [1m[36mActiveRecord::SchemaMigration Pluck (0.3ms)[0m  [1m[34mSELECT "schema_migrations"."version" FROM "schema_migrations" ORDER BY "schema_migrations"."version" ASC[0m
  [1m[36mActiveRecord::SchemaMigration Pluck (0.2ms)[0m  [1m[34mSELECT "schema_migrations"."version" FROM "schema_migrations" ORDER BY "schema_migrations"."version" ASC[0m
  [1m[35m (0.1ms)[0m  [1m[34mSELECT pg_try_advisory_lock(1352609692405194300)[0m
  [1m[36mActiveRecord::SchemaMigration Pluck (0.1ms)[0m  [1m[34mSELECT "schema_migrations"."version" FROM "schema_migrations" ORDER BY "schema_migrations"."version" ASC[0m
  [1m[36mActiveRecord::InternalMetadata Load (0.2ms)[0m  [1m[34mSELECT "ar_internal_metadata".* FROM "ar_internal_metadata" WHERE "ar_internal_metadata"."key" = $1 LIMIT $2[0m  [["key", "environment"], ["LIMIT", 1]]
  [1m[35m (0.1ms)[0m  [1m[34mSELECT pg_advisory_unlock(1352609692405194300)[0m
  [1m[36mActiveRecord::SchemaMigration Pluck (0.3ms)[0m  [1m[34mSELECT "schema_migrations"."version" FROM "schema_migrations" ORDER BY "schema_migrations"."version" ASC[0m
  [1m[36mActiveRecord::SchemaMigration Pluck (0.3ms)[0m  [1m[34mSELECT "schema_migrations"."version" FROM "schema_migrations" ORDER BY "schema_migrations"."version" ASC[0m
  [1m[36mActiveRecord::SchemaMigration Pluck (0.2ms)[0m  [1m[34mSELECT "schema_migrations"."version" FROM "schema_migrations" ORDER BY "schema_migrations"."version" ASC[0m
  [1m[36mActiveRecord::SchemaMigration Pluck (0.2ms)[0m  [1m[34mSELECT "schema_migrations"."version" FROM "schema_migrations" ORDER BY "schema_migrations"."version" ASC[0m
  [1m[35m (0.1ms)[0m  [1m[34mSELECT pg_try_advisory_lock(1352609692405194300)[0m
  [1m[36mActiveRecord::SchemaMigration Pluck (0.2ms)[0m  [1m[34mSELECT "schema_migrations"."version" FROM "schema_migrations" ORDER BY "schema_migrations"."version" ASC[0m
Migrating to AddPasswordDigestToUser (20221121142412)
  [1m[36mTRANSACTION (0.2ms)[0m  [1m[35mBEGIN[0m
  [1m[36mActiveRecord::SchemaMigration Delete All (0.3ms)[0m  [1m[31mDELETE FROM "schema_migrations" WHERE "schema_migrations"."version" = $1[0m  [["version", "20221121142412"]]
  [1m[36mTRANSACTION (1.1ms)[0m  [1m[35mCOMMIT[0m
  [1m[35m (0.2ms)[0m  [1m[34mSELECT pg_advisory_unlock(1352609692405194300)[0m
  [1m[36mActiveRecord::SchemaMigration Pluck (0.5ms)[0m  [1m[34mSELECT "schema_migrations"."version" FROM "schema_migrations" ORDER BY "schema_migrations"."version" ASC[0m
  [1m[35m (0.1ms)[0m  [1m[34mSELECT pg_try_advisory_lock(1352609692405194300)[0m
  [1m[36mActiveRecord::SchemaMigration Pluck (0.3ms)[0m  [1m[34mSELECT "schema_migrations"."version" FROM "schema_migrations" ORDER BY "schema_migrations"."version" ASC[0m
Migrating to AddPasswordDigestToUser (20221121142412)
  [1m[36mTRANSACTION (0.2ms)[0m  [1m[35mBEGIN[0m
  [1m[36mActiveRecord::SchemaMigration Create (0.3ms)[0m  [1m[32mINSERT INTO "schema_migrations" ("version") VALUES ($1) RETURNING "version"[0m  [["version", "20221121142412"]]
  [1m[36mTRANSACTION (2.6ms)[0m  [1m[35mCOMMIT[0m
Migrating to AddConfirmationAndPasswordColumnsToUser (20221121142744)
  [1m[36mTRANSACTION (0.1ms)[0m  [1m[35mBEGIN[0m
  [1m[35m (0.3ms)[0m  [1m[35mALTER TABLE "users" ADD "confirmed_at" timestamp(6)[0m
  [1m[35m (0.2ms)[0m  [1m[35mALTER TABLE "users" ADD "password_digest" character varying[0m
  [1m[36mActiveRecord::SchemaMigration Create (0.2ms)[0m  [1m[32mINSERT INTO "schema_migrations" ("version") VALUES ($1) RETURNING "version"[0m  [["version", "20221121142744"]]
  [1m[36mTRANSACTION (1.1ms)[0m  [1m[35mCOMMIT[0m
  [1m[36mActiveRecord::InternalMetadata Load (0.2ms)[0m  [1m[34mSELECT "ar_internal_metadata".* FROM "ar_internal_metadata" WHERE "ar_internal_metadata"."key" = $1 LIMIT $2[0m  [["key", "environment"], ["LIMIT", 1]]
  [1m[35m (0.1ms)[0m  [1m[34mSELECT pg_advisory_unlock(1352609692405194300)[0m
  [1m[36mActiveRecord::SchemaMigration Pluck (0.3ms)[0m  [1m[34mSELECT "schema_migrations"."version" FROM "schema_migrations" ORDER BY "schema_migrations"."version" ASC[0m
Started GET "/register" for 127.0.0.1 at 2022-11-21 17:28:13 +0300
  [1m[36mActiveRecord::SchemaMigration Pluck (0.4ms)[0m  [1m[34mSELECT "schema_migrations"."version" FROM "schema_migrations" ORDER BY "schema_migrations"."version" ASC[0m
  
ActionController::RoutingError (No route matches [GET] "/register"):
  
Started GET "/sign_up" for 127.0.0.1 at 2022-11-21 17:28:17 +0300
Processing by UserController#new as HTML
  Rendering layout layouts/application.html.erb
  Rendering user/new.html.erb within layouts/application
  Rendered shared/_form_errors.html.erb (Duration: 0.4ms | Allocations: 197)
  Rendered user/new.html.erb within layouts/application (Duration: 6.3ms | Allocations: 4011)
  Rendered layout layouts/application.html.erb (Duration: 60.3ms | Allocations: 38998)
Completed 200 OK in 80ms (Views: 62.2ms | ActiveRecord: 2.6ms | Allocations: 61844)


Started POST "/sign_up" for 127.0.0.1 at 2022-11-21 17:28:26 +0300
Processing by UserController#create as TURBO_STREAM
  Parameters: {"authenticity_token"=>"[FILTERED]", "user"=>{"email"=>"can1@gmail.com", "username"=>"can1", "password"=>"[FILTERED]"}, "commit"=>"Sign Up"}
  [1m[36mTRANSACTION (0.1ms)[0m  [1m[35mBEGIN[0m
  ↳ app/controllers/user_controller.rb:7:in `create'
  [1m[36mUser Exists? (0.4ms)[0m  [1m[34mSELECT 1 AS one FROM "users" WHERE "users"."email" = $1 LIMIT $2[0m  [["email", "can1@gmail.com"], ["LIMIT", 1]]
  ↳ app/controllers/user_controller.rb:7:in `create'
  [1m[36mUser Create (0.3ms)[0m  [1m[32mINSERT INTO "users" ("email", "username", "password", "created_at", "updated_at", "confirmed_at", "password_digest") VALUES ($1, $2, $3, $4, $5, $6, $7) RETURNING "id"[0m  [["email", "can1@gmail.com"], ["username", "can1"], ["password", "[FILTERED]"], ["created_at", "2022-11-21 14:28:27.180692"], ["updated_at", "2022-11-21 14:28:27.180692"], ["confirmed_at", nil], ["password_digest", "[FILTERED]"]]
  ↳ app/controllers/user_controller.rb:7:in `create'
  [1m[36mTRANSACTION (1.1ms)[0m  [1m[35mCOMMIT[0m
  ↳ app/controllers/user_controller.rb:7:in `create'
Redirected to http://127.0.0.1:3000/login
Completed 302 Found in 209ms (ActiveRecord: 2.0ms | Allocations: 7071)


Started GET "/login" for 127.0.0.1 at 2022-11-21 17:28:27 +0300
Processing by SessionsController#new as TURBO_STREAM
  Rendering layout layouts/application.html.erb
  Rendering sessions/new.html.erb within layouts/application
  Rendered sessions/new.html.erb within layouts/application (Duration: 1.6ms | Allocations: 916)
  Rendered layout layouts/application.html.erb (Duration: 3.9ms | Allocations: 3280)
Completed 200 OK in 7ms (Views: 5.9ms | ActiveRecord: 0.0ms | Allocations: 4707)


Started POST "/login" for 127.0.0.1 at 2022-11-21 17:28:41 +0300
Processing by SessionsController#create as TURBO_STREAM
  Parameters: {"authenticity_token"=>"[FILTERED]", "user"=>{"email"=>"can1@gmail.com", "password"=>"[FILTERED]"}, "commit"=>"Sign In"}
  [1m[36mUser Load (0.2ms)[0m  [1m[34mSELECT "users".* FROM "users" WHERE "users"."email" = $1 LIMIT $2[0m  [["email", "can1@gmail.com"], ["LIMIT", 1]]
  ↳ app/controllers/sessions_controller.rb:5:in `create'
Completed 500 Internal Server Error in 212ms (ActiveRecord: 0.3ms | Allocations: 4447)


  
NameError (undefined local variable or method `root_path' for #<SessionsController:0x0000000000b810>
Did you mean?  logout_path):
  
app/controllers/sessions_controller.rb:8:in `create'
Started GET "/logout" for 127.0.0.1 at 2022-11-21 17:29:25 +0300
Processing by SessionsController#destroy as HTML
Redirected to http://127.0.0.1:3000/login
Completed 302 Found in 1ms (ActiveRecord: 0.0ms | Allocations: 794)


Started GET "/login" for 127.0.0.1 at 2022-11-21 17:29:25 +0300
Processing by SessionsController#new as HTML
  Rendering layout layouts/application.html.erb
  Rendering sessions/new.html.erb within layouts/application
  Rendered sessions/new.html.erb within layouts/application (Duration: 1.0ms | Allocations: 681)
  Rendered layout layouts/application.html.erb (Duration: 19.2ms | Allocations: 14529)
Completed 200 OK in 21ms (Views: 20.3ms | ActiveRecord: 0.0ms | Allocations: 15638)


Started GET "/login" for 127.0.0.1 at 2022-11-21 17:38:29 +0300
  [1m[36mActiveRecord::SchemaMigration Pluck (0.3ms)[0m  [1m[34mSELECT "schema_migrations"."version" FROM "schema_migrations" ORDER BY "schema_migrations"."version" ASC[0m
Processing by SessionsController#new as HTML
  Rendering layout layouts/application.html.erb
  Rendering sessions/new.html.erb within layouts/application
  Rendered sessions/new.html.erb within layouts/application (Duration: 4.4ms | Allocations: 3527)
  Rendered layout layouts/application.html.erb (Duration: 45.1ms | Allocations: 38570)
Completed 200 OK in 55ms (Views: 47.2ms | ActiveRecord: 0.0ms | Allocations: 45988)


Started POST "/login" for 127.0.0.1 at 2022-11-21 17:39:36 +0300
Processing by SessionsController#create as TURBO_STREAM
  Parameters: {"authenticity_token"=>"[FILTERED]", "user"=>{"email"=>"can@gmail.com", "password"=>"[FILTERED]"}, "commit"=>"Sign In"}
  [1m[36mUser Load (0.3ms)[0m  [1m[34mSELECT "users".* FROM "users" WHERE "users"."email" = $1 LIMIT $2[0m  [["email", "can@gmail.com"], ["LIMIT", 1]]
  ↳ app/controllers/sessions_controller.rb:5:in `create'
  Rendering layout layouts/application.html.erb
  Rendering sessions/new.html.erb within layouts/application
  Rendered sessions/new.html.erb within layouts/application (Duration: 1.7ms | Allocations: 1265)
  Rendered layout layouts/application.html.erb (Duration: 15.0ms | Allocations: 3831)
Completed 422 Unprocessable Entity in 41ms (Views: 16.3ms | ActiveRecord: 4.7ms | Allocations: 27327)


Started POST "/login" for 127.0.0.1 at 2022-11-21 17:40:01 +0300
Processing by SessionsController#create as TURBO_STREAM
  Parameters: {"authenticity_token"=>"[FILTERED]", "user"=>{"email"=>"can@gmail.com", "password"=>"[FILTERED]"}, "commit"=>"Sign In"}
  [1m[36mUser Load (0.2ms)[0m  [1m[34mSELECT "users".* FROM "users" WHERE "users"."email" = $1 LIMIT $2[0m  [["email", "can@gmail.com"], ["LIMIT", 1]]
  ↳ app/controllers/sessions_controller.rb:5:in `create'
  Rendering layout layouts/application.html.erb
  Rendering sessions/new.html.erb within layouts/application
  Rendered sessions/new.html.erb within layouts/application (Duration: 1.0ms | Allocations: 709)
  Rendered layout layouts/application.html.erb (Duration: 3.4ms | Allocations: 2877)
Completed 422 Unprocessable Entity in 6ms (Views: 3.9ms | ActiveRecord: 0.2ms | Allocations: 4118)


Started GET "/sign_up" for 127.0.0.1 at 2022-11-21 17:42:38 +0300
Processing by UserController#new as HTML
  Rendering layout layouts/application.html.erb
  Rendering user/new.html.erb within layouts/application
  Rendered shared/_form_errors.html.erb (Duration: 0.3ms | Allocations: 198)
  Rendered user/new.html.erb within layouts/application (Duration: 3.0ms | Allocations: 1807)
  Rendered layout layouts/application.html.erb (Duration: 6.0ms | Allocations: 4166)
Completed 200 OK in 9ms (Views: 7.5ms | ActiveRecord: 0.0ms | Allocations: 5595)


Started POST "/sign_up" for 127.0.0.1 at 2022-11-21 17:42:50 +0300
Processing by UserController#create as TURBO_STREAM
  Parameters: {"authenticity_token"=>"[FILTERED]", "user"=>{"email"=>"cano9@gmail.com", "username"=>"caan", "password"=>"[FILTERED]"}, "commit"=>"Sign Up"}
  [1m[36mTRANSACTION (0.1ms)[0m  [1m[35mBEGIN[0m
  ↳ app/controllers/user_controller.rb:7:in `create'
  [1m[36mUser Exists? (0.2ms)[0m  [1m[34mSELECT 1 AS one FROM "users" WHERE "users"."email" = $1 LIMIT $2[0m  [["email", "cano9@gmail.com"], ["LIMIT", 1]]
  ↳ app/controllers/user_controller.rb:7:in `create'
  [1m[36mUser Create (0.3ms)[0m  [1m[32mINSERT INTO "users" ("email", "username", "password", "created_at", "updated_at", "confirmed_at", "password_digest") VALUES ($1, $2, $3, $4, $5, $6, $7) RETURNING "id"[0m  [["email", "cano9@gmail.com"], ["username", "caan"], ["password", "[FILTERED]"], ["created_at", "2022-11-21 14:42:50.982037"], ["updated_at", "2022-11-21 14:42:50.982037"], ["confirmed_at", nil], ["password_digest", "[FILTERED]"]]
  ↳ app/controllers/user_controller.rb:7:in `create'
  [1m[36mTRANSACTION (1.0ms)[0m  [1m[35mCOMMIT[0m
  ↳ app/controllers/user_controller.rb:7:in `create'
Redirected to http://127.0.0.1:3000/login
Completed 302 Found in 209ms (ActiveRecord: 1.7ms | Allocations: 5409)


Started GET "/login" for 127.0.0.1 at 2022-11-21 17:42:50 +0300
Processing by SessionsController#new as TURBO_STREAM
  Rendering layout layouts/application.html.erb
  Rendering sessions/new.html.erb within layouts/application
  Rendered sessions/new.html.erb within layouts/application (Duration: 1.2ms | Allocations: 531)
  Rendered layout layouts/application.html.erb (Duration: 4.2ms | Allocations: 2707)
Completed 200 OK in 6ms (Views: 4.7ms | ActiveRecord: 0.0ms | Allocations: 3276)


Started POST "/login" for 127.0.0.1 at 2022-11-21 17:42:59 +0300
Processing by SessionsController#create as TURBO_STREAM
  Parameters: {"authenticity_token"=>"[FILTERED]", "user"=>{"email"=>"cano9@gmail.com", "password"=>"[FILTERED]"}, "commit"=>"Sign In"}
  [1m[36mUser Load (0.2ms)[0m  [1m[34mSELECT "users".* FROM "users" WHERE "users"."email" = $1 LIMIT $2[0m  [["email", "cano9@gmail.com"], ["LIMIT", 1]]
  ↳ app/controllers/sessions_controller.rb:5:in `create'
Redirected to http://127.0.0.1:3000/home
Completed 302 Found in 203ms (ActiveRecord: 0.2ms | Allocations: 1011)


Started GET "/home" for 127.0.0.1 at 2022-11-21 17:42:59 +0300
Processing by HomeController#show as TURBO_STREAM
  [1m[36mUser Load (0.2ms)[0m  [1m[34mSELECT "users".* FROM "users" WHERE "users"."id" = $1 LIMIT $2[0m  [["id", 3], ["LIMIT", 1]]
  ↳ app/controllers/concerns/authentication.rb:26:in `current_user'
  Rendering layout layouts/application.html.erb
  Rendering home/show.html.erb within layouts/application
  Rendered home/show.html.erb within layouts/application (Duration: 0.8ms | Allocations: 171)
  Rendered layout layouts/application.html.erb (Duration: 3.6ms | Allocations: 2594)
Completed 200 OK in 9ms (Views: 5.0ms | ActiveRecord: 0.2ms | Allocations: 5145)


Started GET "/home" for 127.0.0.1 at 2022-11-21 17:43:10 +0300
Processing by HomeController#show as HTML
  [1m[36mUser Load (0.3ms)[0m  [1m[34mSELECT "users".* FROM "users" WHERE "users"."id" = $1 LIMIT $2[0m  [["id", 3], ["LIMIT", 1]]
  ↳ app/controllers/concerns/authentication.rb:26:in `current_user'
  Rendering layout layouts/application.html.erb
  Rendering home/show.html.erb within layouts/application
  Rendered home/show.html.erb within layouts/application (Duration: 0.9ms | Allocations: 171)
  Rendered layout layouts/application.html.erb (Duration: 7.0ms | Allocations: 2787)
Completed 200 OK in 12ms (Views: 8.3ms | ActiveRecord: 0.3ms | Allocations: 4765)


Started GET "/home" for 127.0.0.1 at 2022-11-21 17:44:30 +0300
Processing by HomeController#show as HTML
  [1m[36mUser Load (0.2ms)[0m  [1m[34mSELECT "users".* FROM "users" WHERE "users"."id" = $1 LIMIT $2[0m  [["id", 3], ["LIMIT", 1]]
  ↳ app/controllers/concerns/authentication.rb:26:in `current_user'
  Rendering layout layouts/application.html.erb
  Rendering home/show.html.erb within layouts/application
  Rendered home/show.html.erb within layouts/application (Duration: 22.4ms | Allocations: 10402)
  Rendered layout layouts/application.html.erb (Duration: 22.7ms | Allocations: 10491)
Completed 500 Internal Server Error in 27ms (ActiveRecord: 0.2ms | Allocations: 12456)


  
ActionView::Template::Error (undefined local variable or method `destroy_all_active_sessions_path' for #<ActionView::Base:0x0000000000b900>):
    2: Today is <%= Time.now.strftime('%A') %>.
    3: 
    4: <h2>Please Log out</h2>
    5: <%= button_to "Log out!", destroy_all_active_sessions_path, method: :get %>
  
app/views/home/show.html.erb:5
Started GET "/home" for 127.0.0.1 at 2022-11-21 17:44:57 +0300
Processing by HomeController#show as HTML
  [1m[36mUser Load (0.2ms)[0m  [1m[34mSELECT "users".* FROM "users" WHERE "users"."id" = $1 LIMIT $2[0m  [["id", 3], ["LIMIT", 1]]
  ↳ app/controllers/concerns/authentication.rb:26:in `current_user'
  Rendering layout layouts/application.html.erb
  Rendering home/show.html.erb within layouts/application
  Rendered home/show.html.erb within layouts/application (Duration: 8.9ms | Allocations: 4361)
  Rendered layout layouts/application.html.erb (Duration: 9.1ms | Allocations: 4441)
Completed 500 Internal Server Error in 13ms (ActiveRecord: 0.2ms | Allocations: 6385)


  
ActionView::Template::Error (undefined local variable or method `logout' for #<ActionView::Base:0x0000000000bc48>
Did you mean?  logout_url):
    2: Today is <%= Time.now.strftime('%A') %>.
    3: 
    4: <h2>Please Log out</h2>
    5: <%= button_to "Log out!", logout, method: :get %>
  
app/views/home/show.html.erb:5
Started GET "/home" for 127.0.0.1 at 2022-11-21 17:45:04 +0300
Processing by HomeController#show as HTML
  [1m[36mUser Load (0.3ms)[0m  [1m[34mSELECT "users".* FROM "users" WHERE "users"."id" = $1 LIMIT $2[0m  [["id", 3], ["LIMIT", 1]]
  ↳ app/controllers/concerns/authentication.rb:26:in `current_user'
  Rendering layout layouts/application.html.erb
  Rendering home/show.html.erb within layouts/application
  Rendered home/show.html.erb within layouts/application (Duration: 0.6ms | Allocations: 362)
  Rendered layout layouts/application.html.erb (Duration: 3.3ms | Allocations: 2971)
Completed 200 OK in 8ms (Views: 4.7ms | ActiveRecord: 0.3ms | Allocations: 4944)


Started GET "/logout" for 127.0.0.1 at 2022-11-21 17:45:06 +0300
Processing by SessionsController#destroy as HTML
  [1m[36mUser Load (0.2ms)[0m  [1m[34mSELECT "users".* FROM "users" WHERE "users"."id" = $1 LIMIT $2[0m  [["id", 3], ["LIMIT", 1]]
  ↳ app/controllers/concerns/authentication.rb:26:in `current_user'
Redirected to http://127.0.0.1:3000/login
Completed 302 Found in 2ms (ActiveRecord: 0.2ms | Allocations: 1040)


Started GET "/login" for 127.0.0.1 at 2022-11-21 17:45:06 +0300
Processing by SessionsController#new as HTML
  Rendering layout layouts/application.html.erb
  Rendering sessions/new.html.erb within layouts/application
  Rendered sessions/new.html.erb within layouts/application (Duration: 1.8ms | Allocations: 918)
  Rendered layout layouts/application.html.erb (Duration: 5.7ms | Allocations: 3279)
Completed 200 OK in 8ms (Views: 7.4ms | ActiveRecord: 0.0ms | Allocations: 4472)


Started POST "/login" for 127.0.0.1 at 2022-11-21 17:45:13 +0300
Processing by SessionsController#create as TURBO_STREAM
  Parameters: {"authenticity_token"=>"[FILTERED]", "user"=>{"email"=>"can9@gmail.com", "password"=>"[FILTERED]"}, "commit"=>"Sign In"}
  [1m[36mUser Load (0.2ms)[0m  [1m[34mSELECT "users".* FROM "users" WHERE "users"."email" = $1 LIMIT $2[0m  [["email", "can9@gmail.com"], ["LIMIT", 1]]
  ↳ app/controllers/sessions_controller.rb:5:in `create'
Completed 500 Internal Server Error in 4ms (ActiveRecord: 0.2ms | Allocations: 1836)


  
NoMethodError (undefined method `authenticate' for nil:NilClass):
  
app/controllers/sessions_controller.rb:6:in `create'
Started GET "/login" for 127.0.0.1 at 2022-11-21 17:45:21 +0300
Processing by SessionsController#new as HTML
  Rendering layout layouts/application.html.erb
  Rendering sessions/new.html.erb within layouts/application
  Rendered sessions/new.html.erb within layouts/application (Duration: 1.1ms | Allocations: 530)
  Rendered layout layouts/application.html.erb (Duration: 3.3ms | Allocations: 2721)
Completed 200 OK in 5ms (Views: 3.8ms | ActiveRecord: 0.0ms | Allocations: 3294)


Started GET "/login" for 127.0.0.1 at 2022-11-21 17:45:24 +0300
Processing by SessionsController#new as HTML
  Rendering layout layouts/application.html.erb
  Rendering sessions/new.html.erb within layouts/application
  Rendered sessions/new.html.erb within layouts/application (Duration: 1.3ms | Allocations: 530)
  Rendered layout layouts/application.html.erb (Duration: 3.9ms | Allocations: 2705)
Completed 200 OK in 5ms (Views: 4.4ms | ActiveRecord: 0.0ms | Allocations: 3257)


Started POST "/login" for 127.0.0.1 at 2022-11-21 17:45:32 +0300
  [1m[36mActiveRecord::SchemaMigration Pluck (0.3ms)[0m  [1m[34mSELECT "schema_migrations"."version" FROM "schema_migrations" ORDER BY "schema_migrations"."version" ASC[0m
Processing by SessionsController#create as TURBO_STREAM
  Parameters: {"authenticity_token"=>"[FILTERED]", "user"=>{"email"=>"cano9@gmail.com", "password"=>"[FILTERED]"}, "commit"=>"Sign In"}
  [1m[36mUser Load (0.2ms)[0m  [1m[34mSELECT "users".* FROM "users" WHERE "users"."email" = $1 LIMIT $2[0m  [["email", "cano9@gmail.com"], ["LIMIT", 1]]
  ↳ app/controllers/sessions_controller.rb:5:in `create'
Redirected to http://127.0.0.1:3000/home
Completed 302 Found in 220ms (ActiveRecord: 2.6ms | Allocations: 26218)


Started GET "/home" for 127.0.0.1 at 2022-11-21 17:45:33 +0300
Processing by HomeController#show as TURBO_STREAM
  [1m[36mUser Load (0.2ms)[0m  [1m[34mSELECT "users".* FROM "users" WHERE "users"."id" = $1 LIMIT $2[0m  [["id", 3], ["LIMIT", 1]]
  ↳ app/controllers/concerns/authentication.rb:26:in `current_user'
  Rendering layout layouts/application.html.erb
  Rendering home/show.html.erb within layouts/application
  Rendered home/show.html.erb within layouts/application (Duration: 1.3ms | Allocations: 733)
  Rendered layout layouts/application.html.erb (Duration: 48.5ms | Allocations: 35602)
Completed 200 OK in 56ms (Views: 51.0ms | ActiveRecord: 0.2ms | Allocations: 40514)


Started GET "/logout" for 127.0.0.1 at 2022-11-21 17:45:36 +0300
Processing by SessionsController#destroy as HTML
  [1m[36mUser Load (0.2ms)[0m  [1m[34mSELECT "users".* FROM "users" WHERE "users"."id" = $1 LIMIT $2[0m  [["id", 3], ["LIMIT", 1]]
  ↳ app/controllers/concerns/authentication.rb:26:in `current_user'
Redirected to http://127.0.0.1:3000/login
Completed 302 Found in 2ms (ActiveRecord: 0.2ms | Allocations: 1059)


Started GET "/login" for 127.0.0.1 at 2022-11-21 17:45:36 +0300
Processing by SessionsController#new as HTML
  Rendering layout layouts/application.html.erb
  Rendering sessions/new.html.erb within layouts/application
  Rendered sessions/new.html.erb within layouts/application (Duration: 3.9ms | Allocations: 3108)
  Rendered layout layouts/application.html.erb (Duration: 7.0ms | Allocations: 5484)
Completed 200 OK in 9ms (Views: 8.1ms | ActiveRecord: 0.0ms | Allocations: 6714)


Started GET "/register" for 127.0.0.1 at 2022-11-21 17:45:42 +0300
  
ActionController::RoutingError (No route matches [GET] "/register"):
  
Started GET "/sign_up" for 127.0.0.1 at 2022-11-21 17:45:44 +0300
Processing by UserController#new as HTML
  Rendering layout layouts/application.html.erb
  Rendering user/new.html.erb within layouts/application
  Rendered shared/_form_errors.html.erb (Duration: 0.6ms | Allocations: 197)
  Rendered user/new.html.erb within layouts/application (Duration: 5.6ms | Allocations: 1932)
  Rendered layout layouts/application.html.erb (Duration: 9.7ms | Allocations: 4307)
Completed 200 OK in 13ms (Views: 11.9ms | ActiveRecord: 0.0ms | Allocations: 5765)


Started GET "/login" for 127.0.0.1 at 2022-11-21 17:45:48 +0300
Processing by SessionsController#new as HTML
  Rendering layout layouts/application.html.erb
  Rendering sessions/new.html.erb within layouts/application
  Rendered sessions/new.html.erb within layouts/application (Duration: 0.9ms | Allocations: 531)
  Rendered layout layouts/application.html.erb (Duration: 3.0ms | Allocations: 2706)
Completed 200 OK in 4ms (Views: 3.5ms | ActiveRecord: 0.0ms | Allocations: 3332)


Started POST "/login" for 127.0.0.1 at 2022-11-21 17:45:53 +0300
Processing by SessionsController#create as TURBO_STREAM
  Parameters: {"authenticity_token"=>"[FILTERED]", "user"=>{"email"=>"cano9@gmail.com", "password"=>"[FILTERED]"}, "commit"=>"Sign In"}
  [1m[36mUser Load (0.2ms)[0m  [1m[34mSELECT "users".* FROM "users" WHERE "users"."email" = $1 LIMIT $2[0m  [["email", "cano9@gmail.com"], ["LIMIT", 1]]
  ↳ app/controllers/sessions_controller.rb:5:in `create'
Redirected to http://127.0.0.1:3000/home
Completed 302 Found in 202ms (ActiveRecord: 0.2ms | Allocations: 1080)


Started GET "/home" for 127.0.0.1 at 2022-11-21 17:45:53 +0300
Processing by HomeController#show as TURBO_STREAM
  [1m[36mUser Load (0.2ms)[0m  [1m[34mSELECT "users".* FROM "users" WHERE "users"."id" = $1 LIMIT $2[0m  [["id", 3], ["LIMIT", 1]]
  ↳ app/controllers/concerns/authentication.rb:26:in `current_user'
  Rendering layout layouts/application.html.erb
  Rendering home/show.html.erb within layouts/application
  Rendered home/show.html.erb within layouts/application (Duration: 0.3ms | Allocations: 124)
  Rendered layout layouts/application.html.erb (Duration: 3.1ms | Allocations: 2319)
Completed 200 OK in 6ms (Views: 3.8ms | ActiveRecord: 0.2ms | Allocations: 3364)


Started GET "/logout" for 127.0.0.1 at 2022-11-21 17:45:55 +0300
Processing by SessionsController#destroy as HTML
  [1m[36mUser Load (0.2ms)[0m  [1m[34mSELECT "users".* FROM "users" WHERE "users"."id" = $1 LIMIT $2[0m  [["id", 3], ["LIMIT", 1]]
  ↳ app/controllers/concerns/authentication.rb:26:in `current_user'
Redirected to http://127.0.0.1:3000/login
Completed 302 Found in 6ms (ActiveRecord: 0.2ms | Allocations: 921)


Started GET "/login" for 127.0.0.1 at 2022-11-21 17:45:55 +0300
Processing by SessionsController#new as HTML
  Rendering layout layouts/application.html.erb
  Rendering sessions/new.html.erb within layouts/application
  Rendered sessions/new.html.erb within layouts/application (Duration: 1.2ms | Allocations: 535)
  Rendered layout layouts/application.html.erb (Duration: 4.8ms | Allocations: 2711)
Completed 200 OK in 7ms (Views: 5.8ms | ActiveRecord: 0.0ms | Allocations: 3260)


Started POST "/login" for 127.0.0.1 at 2022-11-21 17:46:01 +0300
Processing by SessionsController#create as TURBO_STREAM
  Parameters: {"authenticity_token"=>"[FILTERED]", "user"=>{"email"=>"cano9@gmail.com", "password"=>"[FILTERED]"}, "commit"=>"Sign In"}
  [1m[36mUser Load (0.2ms)[0m  [1m[34mSELECT "users".* FROM "users" WHERE "users"."email" = $1 LIMIT $2[0m  [["email", "cano9@gmail.com"], ["LIMIT", 1]]
  ↳ app/controllers/sessions_controller.rb:5:in `create'
Redirected to http://127.0.0.1:3000/home
Completed 302 Found in 202ms (ActiveRecord: 0.2ms | Allocations: 990)


Started GET "/home" for 127.0.0.1 at 2022-11-21 17:46:01 +0300
Processing by HomeController#show as TURBO_STREAM
  [1m[36mUser Load (0.2ms)[0m  [1m[34mSELECT "users".* FROM "users" WHERE "users"."id" = $1 LIMIT $2[0m  [["id", 3], ["LIMIT", 1]]
  ↳ app/controllers/concerns/authentication.rb:26:in `current_user'
  Rendering layout layouts/application.html.erb
  Rendering home/show.html.erb within layouts/application
  Rendered home/show.html.erb within layouts/application (Duration: 0.4ms | Allocations: 115)
  Rendered layout layouts/application.html.erb (Duration: 3.6ms | Allocations: 2308)
Completed 200 OK in 10ms (Views: 7.4ms | ActiveRecord: 0.2ms | Allocations: 3346)


Started GET "/logout" for 127.0.0.1 at 2022-11-21 17:46:04 +0300
Processing by SessionsController#destroy as HTML
  [1m[36mUser Load (0.2ms)[0m  [1m[34mSELECT "users".* FROM "users" WHERE "users"."id" = $1 LIMIT $2[0m  [["id", 3], ["LIMIT", 1]]
  ↳ app/controllers/concerns/authentication.rb:26:in `current_user'
Redirected to http://127.0.0.1:3000/login
Completed 302 Found in 2ms (ActiveRecord: 0.2ms | Allocations: 918)


Started GET "/login" for 127.0.0.1 at 2022-11-21 17:46:04 +0300
Processing by SessionsController#new as HTML
  Rendering layout layouts/application.html.erb
  Rendering sessions/new.html.erb within layouts/application
  Rendered sessions/new.html.erb within layouts/application (Duration: 1.0ms | Allocations: 535)
  Rendered layout layouts/application.html.erb (Duration: 4.0ms | Allocations: 2710)
Completed 200 OK in 7ms (Views: 4.6ms | ActiveRecord: 0.0ms | Allocations: 3270)


Started GET "/sign_up" for 127.0.0.1 at 2022-11-21 17:53:21 +0300
  [1m[36mActiveRecord::SchemaMigration Pluck (0.3ms)[0m  [1m[34mSELECT "schema_migrations"."version" FROM "schema_migrations" ORDER BY "schema_migrations"."version" ASC[0m
Processing by UserController#new as HTML
  Rendering layout layouts/application.html.erb
  Rendering user/new.html.erb within layouts/application
  Rendered shared/_form_errors.html.erb (Duration: 0.2ms | Allocations: 209)
  Rendered user/new.html.erb within layouts/application (Duration: 4.4ms | Allocations: 4722)
  Rendered layout layouts/application.html.erb (Duration: 35.1ms | Allocations: 39555)
Completed 200 OK in 55ms (Views: 36.8ms | ActiveRecord: 2.3ms | Allocations: 66134)


Started POST "/sign_up" for 127.0.0.1 at 2022-11-21 17:53:41 +0300
Processing by UserController#create as TURBO_STREAM
  Parameters: {"authenticity_token"=>"[FILTERED]", "user"=>{"email"=>"harun@gmail.com", "username"=>"harun1", "password"=>"[FILTERED]"}, "commit"=>"Sign Up"}
  [1m[36mTRANSACTION (0.2ms)[0m  [1m[35mBEGIN[0m
  ↳ app/controllers/user_controller.rb:7:in `create'
  [1m[36mUser Exists? (0.4ms)[0m  [1m[34mSELECT 1 AS one FROM "users" WHERE "users"."email" = $1 LIMIT $2[0m  [["email", "harun@gmail.com"], ["LIMIT", 1]]
  ↳ app/controllers/user_controller.rb:7:in `create'
  [1m[36mUser Create (0.3ms)[0m  [1m[32mINSERT INTO "users" ("email", "username", "password", "created_at", "updated_at", "confirmed_at", "password_digest") VALUES ($1, $2, $3, $4, $5, $6, $7) RETURNING "id"[0m  [["email", "harun@gmail.com"], ["username", "harun1"], ["password", "[FILTERED]"], ["created_at", "2022-11-21 14:53:41.895573"], ["updated_at", "2022-11-21 14:53:41.895573"], ["confirmed_at", nil], ["password_digest", "[FILTERED]"]]
  ↳ app/controllers/user_controller.rb:7:in `create'
  [1m[36mTRANSACTION (1.3ms)[0m  [1m[35mCOMMIT[0m
  ↳ app/controllers/user_controller.rb:7:in `create'
Redirected to http://127.0.0.1:3000/login
Completed 302 Found in 205ms (ActiveRecord: 2.2ms | Allocations: 7227)


Started GET "/login" for 127.0.0.1 at 2022-11-21 17:53:41 +0300
Processing by SessionsController#new as TURBO_STREAM
  Rendering layout layouts/application.html.erb
  Rendering sessions/new.html.erb within layouts/application
  Rendered sessions/new.html.erb within layouts/application (Duration: 0.9ms | Allocations: 914)
  Rendered layout layouts/application.html.erb (Duration: 2.5ms | Allocations: 3276)
Completed 200 OK in 4ms (Views: 3.4ms | ActiveRecord: 0.0ms | Allocations: 4725)


Started POST "/login" for 127.0.0.1 at 2022-11-21 17:53:47 +0300
Processing by SessionsController#create as TURBO_STREAM
  Parameters: {"authenticity_token"=>"[FILTERED]", "user"=>{"email"=>"harun@gmail.com", "password"=>"[FILTERED]"}, "commit"=>"Sign In"}
  [1m[36mUser Load (0.2ms)[0m  [1m[34mSELECT "users".* FROM "users" WHERE "users"."email" = $1 LIMIT $2[0m  [["email", "harun@gmail.com"], ["LIMIT", 1]]
  ↳ app/controllers/sessions_controller.rb:5:in `create'
Redirected to http://127.0.0.1:3000/home
Completed 302 Found in 198ms (ActiveRecord: 0.3ms | Allocations: 1565)


Started GET "/home" for 127.0.0.1 at 2022-11-21 17:53:47 +0300
Processing by HomeController#show as TURBO_STREAM
  [1m[36mUser Load (0.2ms)[0m  [1m[34mSELECT "users".* FROM "users" WHERE "users"."id" = $1 LIMIT $2[0m  [["id", 4], ["LIMIT", 1]]
  ↳ app/controllers/concerns/authentication.rb:26:in `current_user'
  Rendering layout layouts/application.html.erb
  Rendering home/show.html.erb within layouts/application
  Rendered home/show.html.erb within layouts/application (Duration: 0.5ms | Allocations: 370)
  Rendered layout layouts/application.html.erb (Duration: 2.4ms | Allocations: 2787)
Completed 200 OK in 5ms (Views: 3.2ms | ActiveRecord: 0.2ms | Allocations: 5291)


Started GET "/logout" for 127.0.0.1 at 2022-11-21 17:54:34 +0300
Processing by SessionsController#destroy as HTML
  [1m[36mUser Load (0.2ms)[0m  [1m[34mSELECT "users".* FROM "users" WHERE "users"."id" = $1 LIMIT $2[0m  [["id", 4], ["LIMIT", 1]]
  ↳ app/controllers/concerns/authentication.rb:26:in `current_user'
Redirected to http://127.0.0.1:3000/login
Completed 302 Found in 2ms (ActiveRecord: 0.2ms | Allocations: 1068)


Started GET "/login" for 127.0.0.1 at 2022-11-21 17:54:34 +0300
Processing by SessionsController#new as HTML
  Rendering layout layouts/application.html.erb
  Rendering sessions/new.html.erb within layouts/application
  Rendered sessions/new.html.erb within layouts/application (Duration: 0.6ms | Allocations: 573)
  Rendered layout layouts/application.html.erb (Duration: 2.5ms | Allocations: 2749)
Completed 200 OK in 3ms (Views: 2.9ms | ActiveRecord: 0.0ms | Allocations: 3318)


